Determining if files direct.h exist failed with the following output:
Change Dir: /home/tarenzi/hadressmacs/adressmacs/build/CMakeFiles/CMakeTmp

Run Build Command:/usr/bin/gmake "cmTryCompileExec/fast"
/usr/bin/gmake -f CMakeFiles/cmTryCompileExec.dir/build.make CMakeFiles/cmTryCompileExec.dir/build
gmake[1]: Entering directory `/home/tarenzi/hadressmacs/adressmacs/build/CMakeFiles/CMakeTmp'
/usr/local/bin/cmake -E cmake_progress_report /home/tarenzi/hadressmacs/adressmacs/build/CMakeFiles/CMakeTmp/CMakeFiles 1
Building C object CMakeFiles/cmTryCompileExec.dir/CheckIncludeFiles.c.o
/usr/local/intel2013/impi/4.1.0.024/intel64/bin/mpiicc   -O3      -o CMakeFiles/cmTryCompileExec.dir/CheckIncludeFiles.c.o   -c /home/tarenzi/hadressmacs/adressmacs/build/CMakeFiles/CMakeTmp/CheckIncludeFiles.c
/home/tarenzi/hadressmacs/adressmacs/build/CMakeFiles/CMakeTmp/CheckIncludeFiles.c(2): catastrophic error: cannot open source file "direct.h"
  #include <direct.h>
                     ^

compilation aborted for /home/tarenzi/hadressmacs/adressmacs/build/CMakeFiles/CMakeTmp/CheckIncludeFiles.c (code 4)
gmake[1]: *** [CMakeFiles/cmTryCompileExec.dir/CheckIncludeFiles.c.o] Error 4
gmake[1]: Leaving directory `/home/tarenzi/hadressmacs/adressmacs/build/CMakeFiles/CMakeTmp'
gmake: *** [cmTryCompileExec/fast] Error 2

Source:
/* */
#include <direct.h>


int main(){return 0;}

Determining if files io.h exist failed with the following output:
Change Dir: /home/tarenzi/hadressmacs/adressmacs/build/CMakeFiles/CMakeTmp

Run Build Command:/usr/bin/gmake "cmTryCompileExec/fast"
/usr/bin/gmake -f CMakeFiles/cmTryCompileExec.dir/build.make CMakeFiles/cmTryCompileExec.dir/build
gmake[1]: Entering directory `/home/tarenzi/hadressmacs/adressmacs/build/CMakeFiles/CMakeTmp'
/usr/local/bin/cmake -E cmake_progress_report /home/tarenzi/hadressmacs/adressmacs/build/CMakeFiles/CMakeTmp/CMakeFiles 1
Building C object CMakeFiles/cmTryCompileExec.dir/CheckIncludeFiles.c.o
/usr/local/intel2013/impi/4.1.0.024/intel64/bin/mpiicc   -O3      -o CMakeFiles/cmTryCompileExec.dir/CheckIncludeFiles.c.o   -c /home/tarenzi/hadressmacs/adressmacs/build/CMakeFiles/CMakeTmp/CheckIncludeFiles.c
/home/tarenzi/hadressmacs/adressmacs/build/CMakeFiles/CMakeTmp/CheckIncludeFiles.c(2): catastrophic error: cannot open source file "io.h"
  #include <io.h>
                 ^

compilation aborted for /home/tarenzi/hadressmacs/adressmacs/build/CMakeFiles/CMakeTmp/CheckIncludeFiles.c (code 4)
gmake[1]: *** [CMakeFiles/cmTryCompileExec.dir/CheckIncludeFiles.c.o] Error 4
gmake[1]: Leaving directory `/home/tarenzi/hadressmacs/adressmacs/build/CMakeFiles/CMakeTmp'
gmake: *** [cmTryCompileExec/fast] Error 2

Source:
/* */
#include <io.h>


int main(){return 0;}

Determining if the function _aligned_malloc exists failed with the following output:
Change Dir: /home/tarenzi/hadressmacs/adressmacs/build/CMakeFiles/CMakeTmp

Run Build Command:/usr/bin/gmake "cmTryCompileExec/fast"
/usr/bin/gmake -f CMakeFiles/cmTryCompileExec.dir/build.make CMakeFiles/cmTryCompileExec.dir/build
gmake[1]: Entering directory `/home/tarenzi/hadressmacs/adressmacs/build/CMakeFiles/CMakeTmp'
/usr/local/bin/cmake -E cmake_progress_report /home/tarenzi/hadressmacs/adressmacs/build/CMakeFiles/CMakeTmp/CMakeFiles 1
Building C object CMakeFiles/cmTryCompileExec.dir/CheckFunctionExists.c.o
/usr/local/intel2013/impi/4.1.0.024/intel64/bin/mpiicc   -O3   -DCHECK_FUNCTION_EXISTS=_aligned_malloc   -o CMakeFiles/cmTryCompileExec.dir/CheckFunctionExists.c.o   -c /usr/local/share/cmake-2.8/Modules/CheckFunctionExists.c
Linking C executable cmTryCompileExec
/usr/local/bin/cmake -E cmake_link_script CMakeFiles/cmTryCompileExec.dir/link.txt --verbose=1
/usr/local/intel2013/impi/4.1.0.024/intel64/bin/mpiicc   -O3   -DCHECK_FUNCTION_EXISTS=_aligned_malloc   CMakeFiles/cmTryCompileExec.dir/CheckFunctionExists.c.o  -o cmTryCompileExec -rdynamic 
CMakeFiles/cmTryCompileExec.dir/CheckFunctionExists.c.o: In function `main':
/usr/local/share/cmake-2.8/Modules/CheckFunctionExists.c:(.text+0x30): undefined reference to `_aligned_malloc'
gmake[1]: *** [cmTryCompileExec] Error 1
gmake[1]: Leaving directory `/home/tarenzi/hadressmacs/adressmacs/build/CMakeFiles/CMakeTmp'
gmake: *** [cmTryCompileExec/fast] Error 2


Determining if the function _isnan exists failed with the following output:
Change Dir: /home/tarenzi/hadressmacs/adressmacs/build/CMakeFiles/CMakeTmp

Run Build Command:/usr/bin/gmake "cmTryCompileExec/fast"
/usr/bin/gmake -f CMakeFiles/cmTryCompileExec.dir/build.make CMakeFiles/cmTryCompileExec.dir/build
gmake[1]: Entering directory `/home/tarenzi/hadressmacs/adressmacs/build/CMakeFiles/CMakeTmp'
/usr/local/bin/cmake -E cmake_progress_report /home/tarenzi/hadressmacs/adressmacs/build/CMakeFiles/CMakeTmp/CMakeFiles 1
Building C object CMakeFiles/cmTryCompileExec.dir/CheckFunctionExists.c.o
/usr/local/intel2013/impi/4.1.0.024/intel64/bin/mpiicc   -O3   -DCHECK_FUNCTION_EXISTS=_isnan   -o CMakeFiles/cmTryCompileExec.dir/CheckFunctionExists.c.o   -c /usr/local/share/cmake-2.8/Modules/CheckFunctionExists.c
Linking C executable cmTryCompileExec
/usr/local/bin/cmake -E cmake_link_script CMakeFiles/cmTryCompileExec.dir/link.txt --verbose=1
/usr/local/intel2013/impi/4.1.0.024/intel64/bin/mpiicc   -O3   -DCHECK_FUNCTION_EXISTS=_isnan   CMakeFiles/cmTryCompileExec.dir/CheckFunctionExists.c.o  -o cmTryCompileExec -rdynamic 
CMakeFiles/cmTryCompileExec.dir/CheckFunctionExists.c.o: In function `main':
/usr/local/share/cmake-2.8/Modules/CheckFunctionExists.c:(.text+0x30): undefined reference to `_isnan'
gmake[1]: *** [cmTryCompileExec] Error 1
gmake[1]: Leaving directory `/home/tarenzi/hadressmacs/adressmacs/build/CMakeFiles/CMakeTmp'
gmake: *** [cmTryCompileExec/fast] Error 2


Determining if the function _isfinite exists failed with the following output:
Change Dir: /home/tarenzi/hadressmacs/adressmacs/build/CMakeFiles/CMakeTmp

Run Build Command:/usr/bin/gmake "cmTryCompileExec/fast"
/usr/bin/gmake -f CMakeFiles/cmTryCompileExec.dir/build.make CMakeFiles/cmTryCompileExec.dir/build
gmake[1]: Entering directory `/home/tarenzi/hadressmacs/adressmacs/build/CMakeFiles/CMakeTmp'
/usr/local/bin/cmake -E cmake_progress_report /home/tarenzi/hadressmacs/adressmacs/build/CMakeFiles/CMakeTmp/CMakeFiles 1
Building C object CMakeFiles/cmTryCompileExec.dir/CheckFunctionExists.c.o
/usr/local/intel2013/impi/4.1.0.024/intel64/bin/mpiicc   -O3   -DCHECK_FUNCTION_EXISTS=_isfinite   -o CMakeFiles/cmTryCompileExec.dir/CheckFunctionExists.c.o   -c /usr/local/share/cmake-2.8/Modules/CheckFunctionExists.c
Linking C executable cmTryCompileExec
/usr/local/bin/cmake -E cmake_link_script CMakeFiles/cmTryCompileExec.dir/link.txt --verbose=1
/usr/local/intel2013/impi/4.1.0.024/intel64/bin/mpiicc   -O3   -DCHECK_FUNCTION_EXISTS=_isfinite   CMakeFiles/cmTryCompileExec.dir/CheckFunctionExists.c.o  -o cmTryCompileExec -rdynamic 
CMakeFiles/cmTryCompileExec.dir/CheckFunctionExists.c.o: In function `main':
/usr/local/share/cmake-2.8/Modules/CheckFunctionExists.c:(.text+0x30): undefined reference to `_isfinite'
gmake[1]: Leaving directory `/home/tarenzi/hadressmacs/adressmacs/build/CMakeFiles/CMakeTmp'
gmake[1]: *** [cmTryCompileExec] Error 1
gmake: *** [cmTryCompileExec/fast] Error 2


Determining if the function _fileno exists failed with the following output:
Change Dir: /home/tarenzi/hadressmacs/adressmacs/build/CMakeFiles/CMakeTmp

Run Build Command:/usr/bin/gmake "cmTryCompileExec/fast"
/usr/bin/gmake -f CMakeFiles/cmTryCompileExec.dir/build.make CMakeFiles/cmTryCompileExec.dir/build
gmake[1]: Entering directory `/home/tarenzi/hadressmacs/adressmacs/build/CMakeFiles/CMakeTmp'
/usr/local/bin/cmake -E cmake_progress_report /home/tarenzi/hadressmacs/adressmacs/build/CMakeFiles/CMakeTmp/CMakeFiles 1
Building C object CMakeFiles/cmTryCompileExec.dir/CheckFunctionExists.c.o
/usr/local/intel2013/impi/4.1.0.024/intel64/bin/mpiicc   -O3   -DCHECK_FUNCTION_EXISTS=_fileno   -o CMakeFiles/cmTryCompileExec.dir/CheckFunctionExists.c.o   -c /usr/local/share/cmake-2.8/Modules/CheckFunctionExists.c
Linking C executable cmTryCompileExec
/usr/local/bin/cmake -E cmake_link_script CMakeFiles/cmTryCompileExec.dir/link.txt --verbose=1
/usr/local/intel2013/impi/4.1.0.024/intel64/bin/mpiicc   -O3   -DCHECK_FUNCTION_EXISTS=_fileno   CMakeFiles/cmTryCompileExec.dir/CheckFunctionExists.c.o  -o cmTryCompileExec -rdynamic 
CMakeFiles/cmTryCompileExec.dir/CheckFunctionExists.c.o: In function `main':
/usr/local/share/cmake-2.8/Modules/CheckFunctionExists.c:(.text+0x30): undefined reference to `_fileno'
gmake[1]: *** [cmTryCompileExec] Error 1
gmake[1]: Leaving directory `/home/tarenzi/hadressmacs/adressmacs/build/CMakeFiles/CMakeTmp'
gmake: *** [cmTryCompileExec/fast] Error 2


Determining if the function _commit exists failed with the following output:
Change Dir: /home/tarenzi/hadressmacs/adressmacs/build/CMakeFiles/CMakeTmp

Run Build Command:/usr/bin/gmake "cmTryCompileExec/fast"
/usr/bin/gmake -f CMakeFiles/cmTryCompileExec.dir/build.make CMakeFiles/cmTryCompileExec.dir/build
gmake[1]: Entering directory `/home/tarenzi/hadressmacs/adressmacs/build/CMakeFiles/CMakeTmp'
/usr/local/bin/cmake -E cmake_progress_report /home/tarenzi/hadressmacs/adressmacs/build/CMakeFiles/CMakeTmp/CMakeFiles 1
Building C object CMakeFiles/cmTryCompileExec.dir/CheckFunctionExists.c.o
/usr/local/intel2013/impi/4.1.0.024/intel64/bin/mpiicc   -O3   -DCHECK_FUNCTION_EXISTS=_commit   -o CMakeFiles/cmTryCompileExec.dir/CheckFunctionExists.c.o   -c /usr/local/share/cmake-2.8/Modules/CheckFunctionExists.c
Linking C executable cmTryCompileExec
/usr/local/bin/cmake -E cmake_link_script CMakeFiles/cmTryCompileExec.dir/link.txt --verbose=1
/usr/local/intel2013/impi/4.1.0.024/intel64/bin/mpiicc   -O3   -DCHECK_FUNCTION_EXISTS=_commit   CMakeFiles/cmTryCompileExec.dir/CheckFunctionExists.c.o  -o cmTryCompileExec -rdynamic 
CMakeFiles/cmTryCompileExec.dir/CheckFunctionExists.c.o: In function `main':
/usr/local/share/cmake-2.8/Modules/CheckFunctionExists.c:(.text+0x30): undefined reference to `_commit'
gmake[1]: Leaving directory `/home/tarenzi/hadressmacs/adressmacs/build/CMakeFiles/CMakeTmp'
gmake[1]: *** [cmTryCompileExec] Error 1
gmake: *** [cmTryCompileExec/fast] Error 2


Determining size of bool failed with the following output:
Change Dir: /home/tarenzi/hadressmacs/adressmacs/build/CMakeFiles/CMakeTmp

Run Build Command:/usr/bin/gmake "cmTryCompileExec/fast"
/usr/bin/gmake -f CMakeFiles/cmTryCompileExec.dir/build.make CMakeFiles/cmTryCompileExec.dir/build
gmake[1]: Entering directory `/home/tarenzi/hadressmacs/adressmacs/build/CMakeFiles/CMakeTmp'
/usr/local/bin/cmake -E cmake_progress_report /home/tarenzi/hadressmacs/adressmacs/build/CMakeFiles/CMakeTmp/CMakeFiles 1
Building C object CMakeFiles/cmTryCompileExec.dir/CheckTypeSizeC.c.o
/usr/local/intel2013/impi/4.1.0.024/intel64/bin/mpiicc   -O3    -DHAVE_SYS_TYPES_H -DHAVE_STDINT_H -DHAVE_STDDEF_H   -o CMakeFiles/cmTryCompileExec.dir/CheckTypeSizeC.c.o   -c /home/tarenzi/hadressmacs/adressmacs/build/CMakeFiles/CMakeTmp/CheckTypeSizeC.c
/home/tarenzi/hadressmacs/adressmacs/build/CMakeFiles/CMakeTmp/CheckTypeSizeC.c(25): error: identifier "bool" is undefined
    ('0' + ((SIZE / 10000)%10)),
             ^

compilation aborted for /home/tarenzi/hadressmacs/adressmacs/build/CMakeFiles/CMakeTmp/CheckTypeSizeC.c (code 2)
gmake[1]: *** [CMakeFiles/cmTryCompileExec.dir/CheckTypeSizeC.c.o] Error 2
gmake[1]: Leaving directory `/home/tarenzi/hadressmacs/adressmacs/build/CMakeFiles/CMakeTmp'
gmake: *** [cmTryCompileExec/fast] Error 2

CheckTypeSizeC.c:
#define CHECK_TYPE_SIZE_TYPE bool
#ifdef CHECK_TYPE_SIZE_TYPE


#ifdef HAVE_SYS_TYPES_H
#  include <sys/types.h>
#endif /* HAVE_SYS_TYPES_H */

#ifdef HAVE_STDINT_H
#  include <stdint.h>
#endif /* HAVE_STDINT_H */

#ifdef HAVE_STDDEF_H
#  include <stddef.h>
#endif /* HAVE_STDDEF_H */



#ifdef __CLASSIC_C__
# define const
#endif

#define SIZE (sizeof(bool))
const char info_sizeof[] =  {'I', 'N', 'F', 'O', ':', 's','i','z','e','o','f','[',
  ('0' + ((SIZE / 10000)%10)),
  ('0' + ((SIZE / 1000)%10)),
  ('0' + ((SIZE / 100)%10)),
  ('0' + ((SIZE / 10)%10)),
  ('0' +  (SIZE    % 10)), 
  ']','\0'};

#ifdef __CLASSIC_C__
int main(argc, argv) int argc; char *argv[];
#else
int main(int argc, char *argv[])
#endif
{
  int require = 0;
  require += info_sizeof[argc];
  (void)argv;
  return require;
}

#else  /* CHECK_TYPE_SIZE_TYPE */

#  error "CHECK_TYPE_SIZE_TYPE has to specify the type"

#endif /* CHECK_TYPE_SIZE_TYPE */


Determining if the system is big endian passed with the following output:
Change Dir: /home/tarenzi/hadressmacs/adressmacs/build/CMakeFiles/CMakeTmp

Run Build Command:/usr/bin/gmake "cmTryCompileExec/fast"
/usr/bin/gmake -f CMakeFiles/cmTryCompileExec.dir/build.make CMakeFiles/cmTryCompileExec.dir/build
gmake[1]: Entering directory `/home/tarenzi/hadressmacs/adressmacs/build/CMakeFiles/CMakeTmp'
/usr/local/bin/cmake -E cmake_progress_report /home/tarenzi/hadressmacs/adressmacs/build/CMakeFiles/CMakeTmp/CMakeFiles 1
Building C object CMakeFiles/cmTryCompileExec.dir/TestEndianess.c.o
/usr/local/intel2013/impi/4.1.0.024/intel64/bin/mpiicc   -O3      -o CMakeFiles/cmTryCompileExec.dir/TestEndianess.c.o   -c /home/tarenzi/hadressmacs/adressmacs/build/CMakeFiles/CMakeTmp/TestEndianess.c
Linking C executable cmTryCompileExec
/usr/local/bin/cmake -E cmake_link_script CMakeFiles/cmTryCompileExec.dir/link.txt --verbose=1
/usr/local/intel2013/impi/4.1.0.024/intel64/bin/mpiicc   -O3      CMakeFiles/cmTryCompileExec.dir/TestEndianess.c.o  -o cmTryCompileExec -rdynamic 
gmake[1]: Leaving directory `/home/tarenzi/hadressmacs/adressmacs/build/CMakeFiles/CMakeTmp'

TestEndianess.c:
/* A 16 bit integer is required. */
typedef unsigned short cmakeint16;

/* On a little endian machine, these 16bit ints will give "THIS IS LITTLE ENDIAN."
   On a big endian machine the characters will be exchanged pairwise. */
const cmakeint16 info_little[] =  {0x4854, 0x5349, 0x4920, 0x2053, 0x494c, 0x5454, 0x454c, 0x4520, 0x444e, 0x4149, 0x2e4e, 0x0000};

/* on a big endian machine, these 16bit ints will give "THIS IS BIG ENDIAN."
   On a little endian machine the characters will be exchanged pairwise. */
const cmakeint16 info_big[] =     {0x5448, 0x4953, 0x2049, 0x5320, 0x4249, 0x4720, 0x454e, 0x4449, 0x414e, 0x2e2e, 0x0000};

#ifdef __CLASSIC_C__
int main(argc, argv) int argc; char *argv[];
#else
int main(int argc, char *argv[])
#endif
{
  int require = 0;
  require += info_little[argc];
  require += info_big[argc];
  (void)argv;
  return require;
}


